[14-Dec-2015 13:22:26 UTC] PHP Parse error:  syntax error, unexpected ')' in /home/ubuntu/workspace/vj9/index.php on line 66
[14-Dec-2015 13:23:14 UTC] PHP Parse error:  syntax error, unexpected '}', expecting ',' or ';' in /home/ubuntu/workspace/vj9/index.php on line 69
[14-Dec-2015 13:35:42 UTC] PHP Warning:  require_once(php/model/card.php): failed to open stream: No such file or directory in /home/ubuntu/workspace/vj9/index.php on line 60
[14-Dec-2015 13:35:42 UTC] PHP Stack trace:
[14-Dec-2015 13:35:42 UTC] PHP   1. {main}() /home/ubuntu/workspace/vj9/index.php:0
[14-Dec-2015 13:35:42 UTC] PHP Fatal error:  require_once(): Failed opening required 'php/model/card.php' (include_path='.:/usr/share/php:/usr/share/pear') in /home/ubuntu/workspace/vj9/index.php on line 60
[14-Dec-2015 13:35:42 UTC] PHP Stack trace:
[14-Dec-2015 13:35:42 UTC] PHP   1. {main}() /home/ubuntu/workspace/vj9/index.php:0
[14-Dec-2015 13:35:49 UTC] PHP Warning:  require_once(php/model/card.php): failed to open stream: No such file or directory in /home/ubuntu/workspace/vj9/index.php on line 60
[14-Dec-2015 13:35:49 UTC] PHP Stack trace:
[14-Dec-2015 13:35:49 UTC] PHP   1. {main}() /home/ubuntu/workspace/vj9/index.php:0
[14-Dec-2015 13:35:49 UTC] PHP Fatal error:  require_once(): Failed opening required 'php/model/card.php' (include_path='.:/usr/share/php:/usr/share/pear') in /home/ubuntu/workspace/vj9/index.php on line 60
[14-Dec-2015 13:35:49 UTC] PHP Stack trace:
[14-Dec-2015 13:35:49 UTC] PHP   1. {main}() /home/ubuntu/workspace/vj9/index.php:0
[14-Dec-2015 13:36:27 UTC] PHP Warning:  require_once(php/model/card.php): failed to open stream: No such file or directory in /home/ubuntu/workspace/vj9/index.php on line 60
[14-Dec-2015 13:36:27 UTC] PHP Stack trace:
[14-Dec-2015 13:36:27 UTC] PHP   1. {main}() /home/ubuntu/workspace/vj9/index.php:0
[14-Dec-2015 13:36:27 UTC] PHP Fatal error:  require_once(): Failed opening required 'php/model/card.php' (include_path='.:/usr/share/php:/usr/share/pear') in /home/ubuntu/workspace/vj9/index.php on line 60
[14-Dec-2015 13:36:27 UTC] PHP Stack trace:
[14-Dec-2015 13:36:27 UTC] PHP   1. {main}() /home/ubuntu/workspace/vj9/index.php:0
[14-Dec-2015 13:39:09 UTC] PHP Fatal error:  Call to a member function generateHTML() on a non-object in /home/ubuntu/workspace/vj9/index.php on line 70
[14-Dec-2015 13:39:09 UTC] PHP Stack trace:
[14-Dec-2015 13:39:09 UTC] PHP   1. {main}() /home/ubuntu/workspace/vj9/index.php:0
[14-Dec-2015 14:06:23 UTC] PHP Warning:  Missing argument 4 for Card::__construct(), called in /home/ubuntu/workspace/vj9/index.php on line 66 and defined in /home/ubuntu/workspace/vj9/php/model/Card.php on line 12
[14-Dec-2015 14:06:23 UTC] PHP Stack trace:
[14-Dec-2015 14:06:23 UTC] PHP   1. {main}() /home/ubuntu/workspace/vj9/index.php:0
[14-Dec-2015 14:06:23 UTC] PHP   2. Card->__construct($title = *uninitialized*, $headerURL = *uninitialized*, $title = *uninitialized*, $comments = *uninitialized*) /home/ubuntu/workspace/vj9/index.php:66
[14-Dec-2015 14:06:23 UTC] PHP Warning:  Missing argument 4 for Card::__construct(), called in /home/ubuntu/workspace/vj9/index.php on line 67 and defined in /home/ubuntu/workspace/vj9/php/model/Card.php on line 12
[14-Dec-2015 14:06:23 UTC] PHP Stack trace:
[14-Dec-2015 14:06:23 UTC] PHP   1. {main}() /home/ubuntu/workspace/vj9/index.php:0
[14-Dec-2015 14:06:23 UTC] PHP   2. Card->__construct($title = *uninitialized*, $headerURL = *uninitialized*, $title = *uninitialized*, $comments = *uninitialized*) /home/ubuntu/workspace/vj9/index.php:67
[14-Dec-2015 14:06:23 UTC] PHP Warning:  Missing argument 1 for Comment::generateCommentHTML(), called in /home/ubuntu/workspace/vj9/php/model/Card.php on line 27 and defined in /home/ubuntu/workspace/vj9/php/model/Comment.php on line 25
[14-Dec-2015 14:06:23 UTC] PHP Stack trace:
[14-Dec-2015 14:06:23 UTC] PHP   1. {main}() /home/ubuntu/workspace/vj9/index.php:0
[14-Dec-2015 14:06:23 UTC] PHP   2. Card::generateCardsHTML($cards = *uninitialized*) /home/ubuntu/workspace/vj9/index.php:69
[14-Dec-2015 14:06:23 UTC] PHP   3. Card->generateHTML() /home/ubuntu/workspace/vj9/php/model/Card.php:38
[14-Dec-2015 14:06:23 UTC] PHP   4. Comment::generateCommentHTML($comments = *uninitialized*) /home/ubuntu/workspace/vj9/php/model/Card.php:27
[14-Dec-2015 14:06:23 UTC] PHP Warning:  Invalid argument supplied for foreach() in /home/ubuntu/workspace/vj9/php/model/Comment.php on line 29
[14-Dec-2015 14:06:23 UTC] PHP Stack trace:
[14-Dec-2015 14:06:23 UTC] PHP   1. {main}() /home/ubuntu/workspace/vj9/index.php:0
[14-Dec-2015 14:06:23 UTC] PHP   2. Card::generateCardsHTML($cards = *uninitialized*) /home/ubuntu/workspace/vj9/index.php:69
[14-Dec-2015 14:06:23 UTC] PHP   3. Card->generateHTML() /home/ubuntu/workspace/vj9/php/model/Card.php:38
[14-Dec-2015 14:06:23 UTC] PHP   4. Comment::generateCommentHTML($comments = *uninitialized*) /home/ubuntu/workspace/vj9/php/model/Card.php:27
[14-Dec-2015 14:06:23 UTC] PHP Warning:  Missing argument 1 for Comment::generateCommentHTML(), called in /home/ubuntu/workspace/vj9/php/model/Card.php on line 27 and defined in /home/ubuntu/workspace/vj9/php/model/Comment.php on line 25
[14-Dec-2015 14:06:23 UTC] PHP Stack trace:
[14-Dec-2015 14:06:23 UTC] PHP   1. {main}() /home/ubuntu/workspace/vj9/index.php:0
[14-Dec-2015 14:06:23 UTC] PHP   2. Card::generateCardsHTML($cards = *uninitialized*) /home/ubuntu/workspace/vj9/index.php:69
[14-Dec-2015 14:06:23 UTC] PHP   3. Card->generateHTML() /home/ubuntu/workspace/vj9/php/model/Card.php:38
[14-Dec-2015 14:06:23 UTC] PHP   4. Comment::generateCommentHTML($comments = *uninitialized*) /home/ubuntu/workspace/vj9/php/model/Card.php:27
[14-Dec-2015 14:06:23 UTC] PHP Warning:  Invalid argument supplied for foreach() in /home/ubuntu/workspace/vj9/php/model/Comment.php on line 29
[14-Dec-2015 14:06:23 UTC] PHP Stack trace:
[14-Dec-2015 14:06:23 UTC] PHP   1. {main}() /home/ubuntu/workspace/vj9/index.php:0
[14-Dec-2015 14:06:23 UTC] PHP   2. Card::generateCardsHTML($cards = *uninitialized*) /home/ubuntu/workspace/vj9/index.php:69
[14-Dec-2015 14:06:23 UTC] PHP   3. Card->generateHTML() /home/ubuntu/workspace/vj9/php/model/Card.php:38
[14-Dec-2015 14:06:23 UTC] PHP   4. Comment::generateCommentHTML($comments = *uninitialized*) /home/ubuntu/workspace/vj9/php/model/Card.php:27
[14-Dec-2015 14:06:23 UTC] PHP Warning:  Missing argument 1 for Comment::generateCommentHTML(), called in /home/ubuntu/workspace/vj9/php/model/Card.php on line 27 and defined in /home/ubuntu/workspace/vj9/php/model/Comment.php on line 25
[14-Dec-2015 14:06:23 UTC] PHP Stack trace:
[14-Dec-2015 14:06:23 UTC] PHP   1. {main}() /home/ubuntu/workspace/vj9/index.php:0
[14-Dec-2015 14:06:23 UTC] PHP   2. Card::generateCardsHTML($cards = *uninitialized*) /home/ubuntu/workspace/vj9/index.php:69
[14-Dec-2015 14:06:23 UTC] PHP   3. Card->generateHTML() /home/ubuntu/workspace/vj9/php/model/Card.php:38
[14-Dec-2015 14:06:23 UTC] PHP   4. Comment::generateCommentHTML($comments = *uninitialized*) /home/ubuntu/workspace/vj9/php/model/Card.php:27
[14-Dec-2015 14:06:23 UTC] PHP Warning:  Invalid argument supplied for foreach() in /home/ubuntu/workspace/vj9/php/model/Comment.php on line 29
[14-Dec-2015 14:06:23 UTC] PHP Stack trace:
[14-Dec-2015 14:06:23 UTC] PHP   1. {main}() /home/ubuntu/workspace/vj9/index.php:0
[14-Dec-2015 14:06:23 UTC] PHP   2. Card::generateCardsHTML($cards = *uninitialized*) /home/ubuntu/workspace/vj9/index.php:69
[14-Dec-2015 14:06:23 UTC] PHP   3. Card->generateHTML() /home/ubuntu/workspace/vj9/php/model/Card.php:38
[14-Dec-2015 14:06:23 UTC] PHP   4. Comment::generateCommentHTML($comments = *uninitialized*) /home/ubuntu/workspace/vj9/php/model/Card.php:27
[14-Dec-2015 14:07:12 UTC] PHP Warning:  Missing argument 4 for Card::__construct(), called in /home/ubuntu/workspace/vj9/index.php on line 66 and defined in /home/ubuntu/workspace/vj9/php/model/Card.php on line 12
[14-Dec-2015 14:07:12 UTC] PHP Stack trace:
[14-Dec-2015 14:07:12 UTC] PHP   1. {main}() /home/ubuntu/workspace/vj9/index.php:0
[14-Dec-2015 14:07:12 UTC] PHP   2. Card->__construct($title = *uninitialized*, $headerURL = *uninitialized*, $title = *uninitialized*, $comments = *uninitialized*) /home/ubuntu/workspace/vj9/index.php:66
[14-Dec-2015 14:07:12 UTC] PHP Warning:  Missing argument 4 for Card::__construct(), called in /home/ubuntu/workspace/vj9/index.php on line 67 and defined in /home/ubuntu/workspace/vj9/php/model/Card.php on line 12
[14-Dec-2015 14:07:12 UTC] PHP Stack trace:
[14-Dec-2015 14:07:12 UTC] PHP   1. {main}() /home/ubuntu/workspace/vj9/index.php:0
[14-Dec-2015 14:07:12 UTC] PHP   2. Card->__construct($title = *uninitialized*, $headerURL = *uninitialized*, $title = *uninitialized*, $comments = *uninitialized*) /home/ubuntu/workspace/vj9/index.php:67
[14-Dec-2015 14:07:12 UTC] PHP Fatal error:  Undefined class constant 'generateCommentHTML' in /home/ubuntu/workspace/vj9/php/model/Card.php on line 27
[14-Dec-2015 14:07:12 UTC] PHP Stack trace:
[14-Dec-2015 14:07:12 UTC] PHP   1. {main}() /home/ubuntu/workspace/vj9/index.php:0
[14-Dec-2015 14:07:12 UTC] PHP   2. Card::generateCardsHTML($cards = *uninitialized*) /home/ubuntu/workspace/vj9/index.php:69
[14-Dec-2015 14:07:12 UTC] PHP   3. Card->generateHTML() /home/ubuntu/workspace/vj9/php/model/Card.php:38
[14-Dec-2015 14:09:57 UTC] PHP Warning:  Missing argument 1 for Comment::generateCommentHTML(), called in /home/ubuntu/workspace/vj9/php/model/Card.php on line 27 and defined in /home/ubuntu/workspace/vj9/php/model/Comment.php on line 25
[14-Dec-2015 14:09:57 UTC] PHP Stack trace:
[14-Dec-2015 14:09:57 UTC] PHP   1. {main}() /home/ubuntu/workspace/vj9/index.php:0
[14-Dec-2015 14:09:57 UTC] PHP   2. Card::generateCardsHTML($cards = *uninitialized*) /home/ubuntu/workspace/vj9/index.php:69
[14-Dec-2015 14:09:57 UTC] PHP   3. Card->generateHTML() /home/ubuntu/workspace/vj9/php/model/Card.php:38
[14-Dec-2015 14:09:57 UTC] PHP   4. Comment::generateCommentHTML($comments = *uninitialized*) /home/ubuntu/workspace/vj9/php/model/Card.php:27
[14-Dec-2015 14:09:57 UTC] PHP Warning:  Invalid argument supplied for foreach() in /home/ubuntu/workspace/vj9/php/model/Comment.php on line 29
[14-Dec-2015 14:09:57 UTC] PHP Stack trace:
[14-Dec-2015 14:09:57 UTC] PHP   1. {main}() /home/ubuntu/workspace/vj9/index.php:0
[14-Dec-2015 14:09:57 UTC] PHP   2. Card::generateCardsHTML($cards = *uninitialized*) /home/ubuntu/workspace/vj9/index.php:69
[14-Dec-2015 14:09:57 UTC] PHP   3. Card->generateHTML() /home/ubuntu/workspace/vj9/php/model/Card.php:38
[14-Dec-2015 14:09:57 UTC] PHP   4. Comment::generateCommentHTML($comments = *uninitialized*) /home/ubuntu/workspace/vj9/php/model/Card.php:27
[14-Dec-2015 14:09:57 UTC] PHP Warning:  Missing argument 1 for Comment::generateCommentHTML(), called in /home/ubuntu/workspace/vj9/php/model/Card.php on line 27 and defined in /home/ubuntu/workspace/vj9/php/model/Comment.php on line 25
[14-Dec-2015 14:09:57 UTC] PHP Stack trace:
[14-Dec-2015 14:09:57 UTC] PHP   1. {main}() /home/ubuntu/workspace/vj9/index.php:0
[14-Dec-2015 14:09:57 UTC] PHP   2. Card::generateCardsHTML($cards = *uninitialized*) /home/ubuntu/workspace/vj9/index.php:69
[14-Dec-2015 14:09:57 UTC] PHP   3. Card->generateHTML() /home/ubuntu/workspace/vj9/php/model/Card.php:38
[14-Dec-2015 14:09:57 UTC] PHP   4. Comment::generateCommentHTML($comments = *uninitialized*) /home/ubuntu/workspace/vj9/php/model/Card.php:27
[14-Dec-2015 14:09:57 UTC] PHP Warning:  Invalid argument supplied for foreach() in /home/ubuntu/workspace/vj9/php/model/Comment.php on line 29
[14-Dec-2015 14:09:57 UTC] PHP Stack trace:
[14-Dec-2015 14:09:57 UTC] PHP   1. {main}() /home/ubuntu/workspace/vj9/index.php:0
[14-Dec-2015 14:09:57 UTC] PHP   2. Card::generateCardsHTML($cards = *uninitialized*) /home/ubuntu/workspace/vj9/index.php:69
[14-Dec-2015 14:09:57 UTC] PHP   3. Card->generateHTML() /home/ubuntu/workspace/vj9/php/model/Card.php:38
[14-Dec-2015 14:09:57 UTC] PHP   4. Comment::generateCommentHTML($comments = *uninitialized*) /home/ubuntu/workspace/vj9/php/model/Card.php:27
[14-Dec-2015 14:09:57 UTC] PHP Warning:  Missing argument 1 for Comment::generateCommentHTML(), called in /home/ubuntu/workspace/vj9/php/model/Card.php on line 27 and defined in /home/ubuntu/workspace/vj9/php/model/Comment.php on line 25
[14-Dec-2015 14:09:57 UTC] PHP Stack trace:
[14-Dec-2015 14:09:57 UTC] PHP   1. {main}() /home/ubuntu/workspace/vj9/index.php:0
[14-Dec-2015 14:09:57 UTC] PHP   2. Card::generateCardsHTML($cards = *uninitialized*) /home/ubuntu/workspace/vj9/index.php:69
[14-Dec-2015 14:09:57 UTC] PHP   3. Card->generateHTML() /home/ubuntu/workspace/vj9/php/model/Card.php:38
[14-Dec-2015 14:09:57 UTC] PHP   4. Comment::generateCommentHTML($comments = *uninitialized*) /home/ubuntu/workspace/vj9/php/model/Card.php:27
[14-Dec-2015 14:09:57 UTC] PHP Warning:  Invalid argument supplied for foreach() in /home/ubuntu/workspace/vj9/php/model/Comment.php on line 29
[14-Dec-2015 14:09:57 UTC] PHP Stack trace:
[14-Dec-2015 14:09:57 UTC] PHP   1. {main}() /home/ubuntu/workspace/vj9/index.php:0
[14-Dec-2015 14:09:57 UTC] PHP   2. Card::generateCardsHTML($cards = *uninitialized*) /home/ubuntu/workspace/vj9/index.php:69
[14-Dec-2015 14:09:57 UTC] PHP   3. Card->generateHTML() /home/ubuntu/workspace/vj9/php/model/Card.php:38
[14-Dec-2015 14:09:57 UTC] PHP   4. Comment::generateCommentHTML($comments = *uninitialized*) /home/ubuntu/workspace/vj9/php/model/Card.php:27
[14-Dec-2015 14:10:37 UTC] PHP Fatal error:  Class 'Card' not found in /home/ubuntu/workspace/vj9/index.php on line 65
[14-Dec-2015 14:10:37 UTC] PHP Stack trace:
[14-Dec-2015 14:10:37 UTC] PHP   1. {main}() /home/ubuntu/workspace/vj9/index.php:0
